<?xml version="1.0" encoding="UTF-8"?>
<testng-results skipped="0" failed="0" ignored="0" total="1" passed="1">
  <reporter-output>
  </reporter-output>
  <suite name="Default suite" duration-ms="22626" started-at="2022-06-18T19:55:44 IST" finished-at="2022-06-18T19:56:06 IST">
    <groups>
    </groups>
    <test name="Default test" duration-ms="22626" started-at="2022-06-18T19:55:44 IST" finished-at="2022-06-18T19:56:06 IST">
      <class name="com.test.Tc_Login">
        <test-method status="PASS" signature="loginTest()[pri:0, instance:com.test.Tc_Login@32eebfca]" name="loginTest" duration-ms="22532" started-at="2022-06-18T19:55:44 IST" finished-at="2022-06-18T19:56:06 IST">
          <reporter-output>
          </reporter-output>
        </test-method> <!-- loginTest -->
      </class> <!-- com.test.Tc_Login -->
    </test> <!-- Default test -->
  </suite> <!-- Default suite -->
</testng-results>
