<?xml version="1.0" encoding="UTF-8"?>
<testng-results skipped="0" failed="0" ignored="0" total="2" passed="2">
  <reporter-output>
  </reporter-output>
  <suite name="Default suite" duration-ms="45" started-at="2022-05-19T22:49:10 IST" finished-at="2022-05-19T22:49:10 IST">
    <groups>
    </groups>
    <test name="Default test" duration-ms="45" started-at="2022-05-19T22:49:10 IST" finished-at="2022-05-19T22:49:10 IST">
      <class name="com.test.AppTest">
        <test-method status="PASS" signature="Login1()[pri:0, instance:com.test.AppTest@4d41cee]" name="Login1" duration-ms="7" started-at="2022-05-19T22:49:10 IST" finished-at="2022-05-19T22:49:10 IST">
          <reporter-output>
          </reporter-output>
        </test-method> <!-- Login1 -->
        <test-method status="PASS" signature="Login2()[pri:0, instance:com.test.AppTest@4d41cee]" name="Login2" duration-ms="1" started-at="2022-05-19T22:49:10 IST" finished-at="2022-05-19T22:49:10 IST">
          <reporter-output>
          </reporter-output>
        </test-method> <!-- Login2 -->
      </class> <!-- com.test.AppTest -->
    </test> <!-- Default test -->
  </suite> <!-- Default suite -->
</testng-results>
